<?xml version="1.0" encoding="utf-8"?><testsuites><testsuite name="pytest" errors="0" failures="0" skipped="0" tests="1" time="0.428" timestamp="2022-08-08T10:48:34.523194" hostname="DESKTOP-OLB8G0G"><testcase classname="Test.test_file" name="test_getSum" time="0.003" /></testsuite></testsuites>